WARNING: The requested image's platform (linux/amd64) does not match the detected host platform (linux/arm64/v8) and no specific platform was requested
info: syncing channel updates for nightly-x86_64-unknown-linux-gnu
info: latest update on 2026-04-19 for version 1.97.0-nightly (0febdbab2 2026-04-18)
info: downloading 3 components

info: default toolchain set to nightly-x86_64-unknown-linux-gnu
  nightly-x86_64-unknown-linux-gnu installed - rustc 1.97.0-nightly (0febdbab2 2026-04-18)

info: note that the toolchain 'nightly-x86_64-unknown-linux-gnu' is currently in use (overridden by '/src/rust-toolchain.toml')
info: syncing channel updates for nightly-x86_64-unknown-linux-gnu
info: latest update on 2026-04-19 for version 1.97.0-nightly (0febdbab2 2026-04-18)
info: downloading component rust-src
    Updating crates.io index
 Downloading crates ...
  Downloaded funty v2.0.0
  Downloaded const_fn v0.4.12
  Downloaded hash32 v0.3.1
  Downloaded conquer-once v0.4.0
  Downloaded limine v0.6.3
  Downloaded managed v0.8.0
  Downloaded lazy_static v1.5.0
  Downloaded bit_field v0.10.3
  Downloaded crossbeam-queue v0.3.12
  Downloaded cfg-if v1.0.4
  Downloaded tap v1.0.1
  Downloaded scopeguard v1.2.0
  Downloaded stable_deref_trait v1.2.1
  Downloaded bit v0.1.1
  Downloaded x2apic v0.5.0
  Downloaded conquer-util v0.3.0
  Downloaded volatile v0.4.6
  Downloaded radium v0.7.0
  Downloaded uart_16550 v0.3.2
  Downloaded pci_types v0.10.1
  Downloaded bitflags v1.3.2
  Downloaded rustversion v1.0.22
  Downloaded wyz v0.5.1
  Downloaded nvme-oxide v0.4.1
  Downloaded lock_api v0.4.14
  Downloaded paste v1.0.15
  Downloaded bitflags v2.11.1
  Downloaded byteorder v1.5.0
  Downloaded crossbeam-utils v0.8.21
  Downloaded spinning_top v0.2.5
  Downloaded spin v0.10.0
  Downloaded linked_list_allocator v0.10.6
  Downloaded spin v0.9.8
  Downloaded log v0.4.29
  Downloaded quote v1.0.45
  Downloaded spinning_top v0.3.0
  Downloaded proc-macro2 v1.0.106
  Downloaded unicode-ident v1.0.24
  Downloaded serde_derive v1.0.228
  Downloaded aml v0.16.4
  Downloaded acpi v6.1.1
  Downloaded serde_core v1.0.228
  Downloaded serde v1.0.228
  Downloaded raw-cpuid v10.7.0
  Downloaded x86_64 v0.15.4
  Downloaded raw-cpuid v11.6.0
  Downloaded bitvec v1.0.1
  Downloaded heapless v0.9.2
  Downloaded syn v2.0.117
  Downloaded smoltcp v0.13.0
  Downloaded x86 v0.52.0
    Updating crates.io index
 Downloading crates ...
  Downloaded rustc-demangle v0.1.27
  Downloaded foldhash v0.2.0
  Downloaded rustc-literal-escaper v0.0.7
  Downloaded getopts v0.2.24
  Downloaded hashbrown v0.17.0
  Downloaded libc v0.2.185
   Compiling compiler_builtins v0.1.160 (/usr/local/rustup/toolchains/nightly-x86_64-unknown-linux-gnu/lib/rustlib/src/rust/library/compiler-builtins/compiler-builtins)
   Compiling core v0.0.0 (/usr/local/rustup/toolchains/nightly-x86_64-unknown-linux-gnu/lib/rustlib/src/rust/library/core)
   Compiling rustversion v1.0.22
   Compiling proc-macro2 v1.0.106
   Compiling const_fn v0.4.12
   Compiling unicode-ident v1.0.24
   Compiling quote v1.0.45
   Compiling serde_core v1.0.228
   Compiling radium v0.7.0
   Compiling crossbeam-utils v0.8.21
   Compiling x86 v0.52.0
   Compiling serde v1.0.228
   Compiling heapless v0.9.2
   Compiling paste v1.0.15
   Compiling smoltcp v0.13.0
   Compiling syn v2.0.117
   Compiling serde_derive v1.0.228
   Compiling alloc v0.0.0 (/usr/local/rustup/toolchains/nightly-x86_64-unknown-linux-gnu/lib/rustlib/src/rust/library/alloc)
   Compiling scopeguard v1.2.0
   Compiling bit_field v0.10.3
   Compiling bitflags v2.11.1
   Compiling byteorder v1.5.0
   Compiling volatile v0.4.6
   Compiling bitflags v1.3.2
   Compiling log v0.4.29
   Compiling raw-cpuid v10.7.0
   Compiling lock_api v0.4.14
   Compiling tap v1.0.1
   Compiling hash32 v0.3.1
   Compiling x86_64 v0.15.4
   Compiling funty v2.0.0
   Compiling wyz v0.5.1
   Compiling stable_deref_trait v1.2.1
   Compiling spin v0.9.8
   Compiling spinning_top v0.2.5
   Compiling bitvec v1.0.1
   Compiling spinning_top v0.3.0
   Compiling spin v0.10.0
   Compiling pci_types v0.10.1
   Compiling managed v0.8.0
   Compiling conquer-util v0.3.0
   Compiling bit v0.1.1
   Compiling cfg-if v1.0.4
   Compiling conquer-once v0.4.0
   Compiling uart_16550 v0.3.2
   Compiling acpi v6.1.1
   Compiling x2apic v0.5.0
   Compiling crossbeam-queue v0.3.12
   Compiling libsys v0.1.0 (/src/sex-src/lib/libsys)
   Compiling nvme-oxide v0.4.1
   Compiling sex-pdx v0.1.0 (/src/crates/sex-pdx)
   Compiling lazy_static v1.5.0
   Compiling aml v0.16.4
   Compiling linked_list_allocator v0.10.6
   Compiling raw-cpuid v11.6.0
   Compiling limine v0.6.3
   Compiling sex-rt v0.1.0 (/src/sex-rt)
   Compiling egui-hello v0.1.0 (/src/crates/egui-hello)
warning: unused import: `sex_rt`
 --> crates/egui-hello/src/main.rs:6:5
  |
6 | use sex_rt; // Corrected syntax: underscores only
  |     ^^^^^^
  |
  = note: `#[warn(unused_imports)]` (part of `#[warn(unused)]`) on by default

warning: `egui-hello` (bin "egui-hello") generated 1 warning (run `cargo fix --bin "egui-hello" -p egui-hello` to apply 1 suggestion)
   Compiling sex-kernel v0.1.0 (/src/kernel)
error[E0432]: unresolved import `limine::response`
 --> kernel/src/memory/allocator.rs:2:13
  |
2 | use limine::response::MemoryMapResponse;
  |             ^^^^^^^^ could not find `response` in `limine`

error[E0432]: unresolved import `limine::memory_map`
 --> kernel/src/memory/allocator.rs:3:13
  |
3 | use limine::memory_map::EntryType;
  |             ^^^^^^^^^^ could not find `memory_map` in `limine`

error[E0432]: unresolved import `crate::MEMMAP_REQUEST`
 --> kernel/src/memory.rs:1:5
  |
1 | use crate::MEMMAP_REQUEST;
  |     ^^^^^^^^^^^^^^^^^^^^^ no `MEMMAP_REQUEST` in the root

error[E0432]: unresolved import `crate::HHDM_REQUEST`
 --> kernel/src/memory.rs:2:5
  |
2 | use crate::HHDM_REQUEST;
  |     ^^^^^^^^^^^^^^^^^^^ no `HHDM_REQUEST` in the root

error: cannot define multiple global allocators
  --> kernel/src/lib.rs:44:1
   |
43 | #[global_allocator]
   | ------------------- in this attribute macro expansion
44 | pub static ALLOCATOR: LockedHeap = LockedHeap::empty();
   | ^^^^^^^^^^^^^^^^^^^^^^^^^^^^^^^^^^^^^^^^^^^^^^^^^^^^^^^ cannot define a new global allocator
   |
  ::: kernel/src/memory/allocator.rs:9:1
   |
 9 | pub static GLOBAL_ALLOCATOR: LockedHeap = LockedHeap::empty();
   | -------------------------------------------------------------- previous global allocator defined here

error[E0599]: no method named `init_metadata` found for struct `LockedHeap` in the current scope
  --> kernel/src/memory.rs:84:37
   |
84 |         allocator::GLOBAL_ALLOCATOR.init_metadata(metadata_vaddr, total_pages);
   |                                     ^^^^^^^^^^^^^ method not found in `LockedHeap`

error[E0599]: no method named `add_memory_region` found for struct `LockedHeap` in the current scope
  --> kernel/src/memory.rs:99:49
   |
99 |                     allocator::GLOBAL_ALLOCATOR.add_memory_region(start, len);
   |                                                 ^^^^^^^^^^^^^^^^^ method not found in `LockedHeap`

error[E0599]: no method named `alloc` found for struct `LockedHeap` in the current scope
   --> kernel/src/loader/elf.rs:44:41
    |
 44 |             let phys = GLOBAL_ALLOCATOR.alloc(order).ok_or("loader: segment OOM")?;
    |                                         ^^^^^
    |
   ::: /usr/local/rustup/toolchains/nightly-x86_64-unknown-linux-gnu/lib/rustlib/src/rust/library/core/src/alloc/global.rs:178:15
    |
178 |     unsafe fn alloc(&self, layout: Layout) -> *mut u8;
    |               ----- the method is available for `LockedHeap` here
    |
    = help: items from traits can only be used if the trait is in scope
help: there is a method `dealloc` with a similar name, but with different arguments
   --> /usr/local/rustup/toolchains/nightly-x86_64-unknown-linux-gnu/lib/rustlib/src/rust/library/core/src/alloc/global.rs:193:5
    |
193 |     unsafe fn dealloc(&self, ptr: *mut u8, layout: Layout);
    |     ^^^^^^^^^^^^^^^^^^^^^^^^^^^^^^^^^^^^^^^^^^^^^^^^^^^^^^^
help: trait `GlobalAlloc` which provides `alloc` is implemented but not in scope; perhaps you want to import it
    |
  1 + use core::alloc::GlobalAlloc;
    |

error[E0599]: no method named `alloc` found for struct `LockedHeap` in the current scope
   --> kernel/src/loader/elf.rs:55:44
    |
 55 |         let _stack_phys = GLOBAL_ALLOCATOR.alloc(1).ok_or("loader: stack OOM")?;
    |                                            ^^^^^
    |
   ::: /usr/local/rustup/toolchains/nightly-x86_64-unknown-linux-gnu/lib/rustlib/src/rust/library/core/src/alloc/global.rs:178:15
    |
178 |     unsafe fn alloc(&self, layout: Layout) -> *mut u8;
    |               ----- the method is available for `LockedHeap` here
    |
    = help: items from traits can only be used if the trait is in scope
help: there is a method `dealloc` with a similar name, but with different arguments
   --> /usr/local/rustup/toolchains/nightly-x86_64-unknown-linux-gnu/lib/rustlib/src/rust/library/core/src/alloc/global.rs:193:5
    |
193 |     unsafe fn dealloc(&self, ptr: *mut u8, layout: Layout);
    |     ^^^^^^^^^^^^^^^^^^^^^^^^^^^^^^^^^^^^^^^^^^^^^^^^^^^^^^^
help: trait `GlobalAlloc` which provides `alloc` is implemented but not in scope; perhaps you want to import it
    |
  1 + use core::alloc::GlobalAlloc;
    |

error[E0599]: no method named `verify_invariants` found for struct `LockedHeap` in the current scope
  --> kernel/src/init.rs:23:56
   |
23 |     assert!(crate::memory::allocator::GLOBAL_ALLOCATOR.verify_invariants());
   |                                                        ^^^^^^^^^^^^^^^^^ method not found in `LockedHeap`

error[E0599]: no method named `verify_invariants` found for struct `LockedHeap` in the current scope
  --> kernel/src/init.rs:41:56
   |
41 |     assert!(crate::memory::allocator::GLOBAL_ALLOCATOR.verify_invariants(), "Phase 14: Allocator Invariant Violation");
   |                                                        ^^^^^^^^^^^^^^^^^ method not found in `LockedHeap`

Some errors have detailed explanations: E0432, E0599.
For more information about an error, try `rustc --explain E0432`.
error: could not compile `sex-kernel` (lib) due to 11 previous errors
warning: build failed, waiting for other jobs to finish...
