qemu-system-x86_64 -M q35 -m 512M -cpu max,+pku -cdrom sexos-v1.0.0.iso -serial stdio -boot d -display none -qmp unix:qmp.sock,server,nowait
X86Hal: Initializing foundation (BSP)...
X86Hal: SAS Page Tables ready (CR3 = 0x1fe9d000)
PKU: Protection Keys enabled in CR4.
X86Hal: Initializing GDT/IDT...
   → Loading IDTR...
   → IDTR loaded successfully
   → Setting up LSTAR (Syscall Entry)...
   → Setting up STAR...
→ STAR MSR locked
   → Syscall setup COMPLETE
[HAL] GDT/TSS + Star MSR locked under Intel MPK/PKEY isolation (10th-gen+ hardware enforced)
kernel: CoreLocal initialized for BSP
kernel: RSDP Response present: true
kernel: RSDP Virtual Address: 0xffff8000000f6500
kernel: RSDP Physical Address: 0xf6500
X86Hal: init_advanced(rsdp=0xf6500, hhdm=0xffff800000000000)
X86Hal: Initializing APIC and Timer...
APIC: Found PCI Region (Segment 0, Bus 0-255, Phys 0xb0000000)
APIC: Found LAPIC at 0xfee00000
APIC: Found I/O APIC 0 at 0xfec00000
APIC: LAPIC Timer initialized at Vector 0x20.
init: Found 3 Limine modules
ELF: Valid header. Entry point: 0x1280
ELF: Loading segment: vaddr=0x20200000, memsz=0x274 (Key: 1)
   → Mapping range...
   → Mapping complete. Copying data to 0x20200000...
   → Copy complete.
   → Setting to Read-Only...
ELF: Loading segment: vaddr=0x20201280, memsz=0x2 (Key: 1)
   → Mapping range...
   → Mapping complete. Copying data to 0x20201280...
   → Copy complete.
   → Setting to Read-Only...
ELF: Loading segment: vaddr=0x20202288, memsz=0xd78 (Key: 1)
   → Mapping range...
   → Mapping complete. Copying data to 0x20202288...
   → Copy complete.
   → Zeroing BSS...
   → BSS zeroed.
[DEBUG] pdx_spawn: pushing task 1 to SCHEDULERS[0] at 0xffffffff802141f0
PDX: Registered /servers/sexdisplay (PKEY 1)
✓ Spawned PD 1: /servers/sexdisplay
ELF: Valid header. Entry point: 0x1280
ELF: Loading segment: vaddr=0x20600000, memsz=0x274 (Key: 3)
   → Mapping range...
   → Mapping complete. Copying data to 0x20600000...
   → Copy complete.
   → Setting to Read-Only...
ELF: Loading segment: vaddr=0x20601280, memsz=0x2c5 (Key: 3)
   → Mapping range...
   → Mapping complete. Copying data to 0x20601280...
   → Copy complete.
   → Setting to Read-Only...
ELF: Loading segment: vaddr=0x20602548, memsz=0xab8 (Key: 3)
   → Mapping range...
   → Mapping complete. Copying data to 0x20602548...
   → Copy complete.
   → Zeroing BSS...
   → BSS zeroed.
[DEBUG] pdx_spawn: pushing task 2 to SCHEDULERS[0] at 0xffffffff802141f0
PDX: Registered /servers/silk-shell (PKEY 3)
✓ Spawned PD 2: /servers/silk-shell
ELF: Valid header. Entry point: 0x1280
ELF: Loading segment: vaddr=0x20400000, memsz=0x274 (Key: 2)
   → Mapping range...
   → Mapping complete. Copying data to 0x20400000...
   → Copy complete.
   → Setting to Read-Only...
ELF: Loading segment: vaddr=0x20401280, memsz=0x54 (Key: 2)
   → Mapping range...
   → Mapping complete. Copying data to 0x20401280...
   → Copy complete.
   → Setting to Read-Only...
ELF: Loading segment: vaddr=0x204022d8, memsz=0xd28 (Key: 2)
   → Mapping range...
   → Mapping complete. Copying data to 0x204022d8...
   → Copy complete.
   → Zeroing BSS...
   → BSS zeroed.
[DEBUG] pdx_spawn: pushing task 3 to SCHEDULERS[0] at 0xffffffff802141f0
PDX: Registered /apps/linen (PKEY 2)
✓ Spawned PD 3: /apps/linen
✓ Phase 25: Capabilities granted to silk-shell
init: FB handed to sexdisplay (1280x800 @ 0xffff8000fd000000)
init: Revoking kernel write access...
init: Ready for Scheduler.
kernel: Enabling interrupts and entering scheduler loop...
